2022-08-26 10:34:44.737  INFO 17748 --- [main] cn.exrick.xboot.XbootApplication         : Starting XbootApplication using Java 11.0.12 on LAPTOP-6E390UT2 with PID 17748 (E:\Projects\Campus\back\market01\target\classes started by 肖前鹏 in E:\Projects\Campus\back\market01)
2022-08-26 10:34:44.747  INFO 17748 --- [main] cn.exrick.xboot.XbootApplication         : No active profile set, falling back to 1 default profile: "default"
2022-08-26 10:34:44.847  INFO 17748 --- [main] o.s.b.devtools.restart.ChangeableUrls    : The Class-Path manifest attribute in C:\Users\肖前鹏\.m2\repository\org\apache\xmlgraphics\fop\0.94\fop-0.94.jar referenced one or more files that do not exist: file:/C:/Users/肖前鹏/.m2/repository/org/apache/xmlgraphics/fop/0.94/avalon-framework-4.2.0.jar,file:/C:/Users/肖前鹏/.m2/repository/org/apache/xmlgraphics/fop/0.94/batik-all-1.6.jar,file:/C:/Users/肖前鹏/.m2/repository/org/apache/xmlgraphics/fop/0.94/commons-io-1.3.1.jar,file:/C:/Users/肖前鹏/.m2/repository/org/apache/xmlgraphics/fop/0.94/commons-logging-1.0.4.jar,file:/C:/Users/肖前鹏/.m2/repository/org/apache/xmlgraphics/fop/0.94/fop-hyph.jar,file:/C:/Users/肖前鹏/.m2/repository/org/apache/xmlgraphics/fop/0.94/jai_codec.jar,file:/C:/Users/肖前鹏/.m2/repository/org/apache/xmlgraphics/fop/0.94/jai_core.jar,file:/C:/Users/肖前鹏/.m2/repository/org/apache/xmlgraphics/fop/0.94/jimi.jar,file:/C:/Users/肖前鹏/.m2/repository/org/apache/xmlgraphics/fop/0.94/serializer-2.7.0.jar,file:/C:/Users/肖前鹏/.m2/repository/org/apache/xmlgraphics/fop/0.94/servlet-2.2.jar,file:/C:/Users/肖前鹏/.m2/repository/org/apache/xmlgraphics/fop/0.94/xalan-2.7.0.jar,file:/C:/Users/肖前鹏/.m2/repository/org/apache/xmlgraphics/fop/0.94/xercesImpl-2.7.1.jar,file:/C:/Users/肖前鹏/.m2/repository/org/apache/xmlgraphics/fop/0.94/xml-apis-1.3.02.jar,file:/C:/Users/肖前鹏/.m2/repository/org/apache/xmlgraphics/fop/0.94/xmlgraphics-commons-1.2.jar,file:/C:/Users/肖前鹏/.m2/repository/org/apache/xmlgraphics/fop/0.94/xmlunit1.0.jar
2022-08-26 10:34:44.847  INFO 17748 --- [main] o.s.b.devtools.restart.ChangeableUrls    : The Class-Path manifest attribute in C:\Users\肖前鹏\.m2\repository\org\apache\xmlgraphics\batik-js\1.7\batik-js-1.7.jar referenced one or more files that do not exist: file:/C:/Users/肖前鹏/.m2/repository/org/apache/xmlgraphics/batik-js/1.7/xbean.jar
2022-08-26 10:34:44.847  INFO 17748 --- [main] .e.DevToolsPropertyDefaultsPostProcessor : Devtools property defaults active! Set 'spring.devtools.add-properties' to 'false' to disable
2022-08-26 10:34:44.847  INFO 17748 --- [main] .e.DevToolsPropertyDefaultsPostProcessor : For additional web related logging consider setting the 'logging.level.web' property to 'DEBUG'
2022-08-26 10:34:46.857  INFO 17748 --- [main] .s.d.r.c.RepositoryConfigurationDelegate : Multiple Spring Data modules found, entering strict repository configuration mode!
2022-08-26 10:34:46.857  INFO 17748 --- [main] .s.d.r.c.RepositoryConfigurationDelegate : Bootstrapping Spring Data JPA repositories in DEFAULT mode.
2022-08-26 10:34:47.107  INFO 17748 --- [main] .RepositoryConfigurationExtensionSupport : Spring Data JPA - Could not safely identify store assignment for repository candidate interface cn.exrick.xboot.modules.base.dao.elasticsearch.EsLogDao. If you want this repository to be a JPA repository, consider annotating your entities with one of these annotations: javax.persistence.Entity, javax.persistence.MappedSuperclass (preferred), or consider extending one of the following types with your repository: org.springframework.data.jpa.repository.JpaRepository.
2022-08-26 10:34:47.207  INFO 17748 --- [main] .s.d.r.c.RepositoryConfigurationDelegate : Finished Spring Data repository scanning in 338 ms. Found 29 JPA repository interfaces.
2022-08-26 10:34:47.217  INFO 17748 --- [main] .s.d.r.c.RepositoryConfigurationDelegate : Multiple Spring Data modules found, entering strict repository configuration mode!
2022-08-26 10:34:47.217  INFO 17748 --- [main] .s.d.r.c.RepositoryConfigurationDelegate : Bootstrapping Spring Data Redis repositories in DEFAULT mode.
2022-08-26 10:34:47.307  INFO 17748 --- [main] .RepositoryConfigurationExtensionSupport : Spring Data Redis - Could not safely identify store assignment for repository candidate interface cn.exrick.xboot.modules.activiti.dao.ActBusinessDao. If you want this repository to be a Redis repository, consider annotating your entities with one of these annotations: org.springframework.data.redis.core.RedisHash (preferred), or consider extending one of the following types with your repository: org.springframework.data.keyvalue.repository.KeyValueRepository.
2022-08-26 10:34:47.307  INFO 17748 --- [main] .RepositoryConfigurationExtensionSupport : Spring Data Redis - Could not safely identify store assignment for repository candidate interface cn.exrick.xboot.modules.activiti.dao.ActCategoryDao. If you want this repository to be a Redis repository, consider annotating your entities with one of these annotations: org.springframework.data.redis.core.RedisHash (preferred), or consider extending one of the following types with your repository: org.springframework.data.keyvalue.repository.KeyValueRepository.
2022-08-26 10:34:47.307  INFO 17748 --- [main] .RepositoryConfigurationExtensionSupport : Spring Data Redis - Could not safely identify store assignment for repository candidate interface cn.exrick.xboot.modules.activiti.dao.ActModelDao. If you want this repository to be a Redis repository, consider annotating your entities with one of these annotations: org.springframework.data.redis.core.RedisHash (preferred), or consider extending one of the following types with your repository: org.springframework.data.keyvalue.repository.KeyValueRepository.
2022-08-26 10:34:47.307  INFO 17748 --- [main] .RepositoryConfigurationExtensionSupport : Spring Data Redis - Could not safely identify store assignment for repository candidate interface cn.exrick.xboot.modules.activiti.dao.ActNodeDao. If you want this repository to be a Redis repository, consider annotating your entities with one of these annotations: org.springframework.data.redis.core.RedisHash (preferred), or consider extending one of the following types with your repository: org.springframework.data.keyvalue.repository.KeyValueRepository.
2022-08-26 10:34:47.307  INFO 17748 --- [main] .RepositoryConfigurationExtensionSupport : Spring Data Redis - Could not safely identify store assignment for repository candidate interface cn.exrick.xboot.modules.activiti.dao.ActProcessDao. If you want this repository to be a Redis repository, consider annotating your entities with one of these annotations: org.springframework.data.redis.core.RedisHash (preferred), or consider extending one of the following types with your repository: org.springframework.data.keyvalue.repository.KeyValueRepository.
2022-08-26 10:34:47.307  INFO 17748 --- [main] .RepositoryConfigurationExtensionSupport : Spring Data Redis - Could not safely identify store assignment for repository candidate interface cn.exrick.xboot.modules.activiti.dao.business.LeaveDao. If you want this repository to be a Redis repository, consider annotating your entities with one of these annotations: org.springframework.data.redis.core.RedisHash (preferred), or consider extending one of the following types with your repository: org.springframework.data.keyvalue.repository.KeyValueRepository.
2022-08-26 10:34:47.307  INFO 17748 --- [main] .RepositoryConfigurationExtensionSupport : Spring Data Redis - Could not safely identify store assignment for repository candidate interface cn.exrick.xboot.modules.app.dao.MemberDao. If you want this repository to be a Redis repository, consider annotating your entities with one of these annotations: org.springframework.data.redis.core.RedisHash (preferred), or consider extending one of the following types with your repository: org.springframework.data.keyvalue.repository.KeyValueRepository.
2022-08-26 10:34:47.307  INFO 17748 --- [main] .RepositoryConfigurationExtensionSupport : Spring Data Redis - Could not safely identify store assignment for repository candidate interface cn.exrick.xboot.modules.autochat.dao.AutoChatDao. If you want this repository to be a Redis repository, consider annotating your entities with one of these annotations: org.springframework.data.redis.core.RedisHash (preferred), or consider extending one of the following types with your repository: org.springframework.data.keyvalue.repository.KeyValueRepository.
2022-08-26 10:34:47.307  INFO 17748 --- [main] .RepositoryConfigurationExtensionSupport : Spring Data Redis - Could not safely identify store assignment for repository candidate interface cn.exrick.xboot.modules.base.dao.DepartmentDao. If you want this repository to be a Redis repository, consider annotating your entities with one of these annotations: org.springframework.data.redis.core.RedisHash (preferred), or consider extending one of the following types with your repository: org.springframework.data.keyvalue.repository.KeyValueRepository.
2022-08-26 10:34:47.307  INFO 17748 --- [main] .RepositoryConfigurationExtensionSupport : Spring Data Redis - Could not safely identify store assignment for repository candidate interface cn.exrick.xboot.modules.base.dao.DepartmentHeaderDao. If you want this repository to be a Redis repository, consider annotating your entities with one of these annotations: org.springframework.data.redis.core.RedisHash (preferred), or consider extending one of the following types with your repository: org.springframework.data.keyvalue.repository.KeyValueRepository.
2022-08-26 10:34:47.307  INFO 17748 --- [main] .RepositoryConfigurationExtensionSupport : Spring Data Redis - Could not safely identify store assignment for repository candidate interface cn.exrick.xboot.modules.base.dao.DictDao. If you want this repository to be a Redis repository, consider annotating your entities with one of these annotations: org.springframework.data.redis.core.RedisHash (preferred), or consider extending one of the following types with your repository: org.springframework.data.keyvalue.repository.KeyValueRepository.
2022-08-26 10:34:47.307  INFO 17748 --- [main] .RepositoryConfigurationExtensionSupport : Spring Data Redis - Could not safely identify store assignment for repository candidate interface cn.exrick.xboot.modules.base.dao.DictDataDao. If you want this repository to be a Redis repository, consider annotating your entities with one of these annotations: org.springframework.data.redis.core.RedisHash (preferred), or consider extending one of the following types with your repository: org.springframework.data.keyvalue.repository.KeyValueRepository.
2022-08-26 10:34:47.307  INFO 17748 --- [main] .RepositoryConfigurationExtensionSupport : Spring Data Redis - Could not safely identify store assignment for repository candidate interface cn.exrick.xboot.modules.base.dao.LogDao. If you want this repository to be a Redis repository, consider annotating your entities with one of these annotations: org.springframework.data.redis.core.RedisHash (preferred), or consider extending one of the following types with your repository: org.springframework.data.keyvalue.repository.KeyValueRepository.
2022-08-26 10:34:47.307  INFO 17748 --- [main] .RepositoryConfigurationExtensionSupport : Spring Data Redis - Could not safely identify store assignment for repository candidate interface cn.exrick.xboot.modules.base.dao.MessageDao. If you want this repository to be a Redis repository, consider annotating your entities with one of these annotations: org.springframework.data.redis.core.RedisHash (preferred), or consider extending one of the following types with your repository: org.springframework.data.keyvalue.repository.KeyValueRepository.
2022-08-26 10:34:47.307  INFO 17748 --- [main] .RepositoryConfigurationExtensionSupport : Spring Data Redis - Could not safely identify store assignment for repository candidate interface cn.exrick.xboot.modules.base.dao.MessageSendDao. If you want this repository to be a Redis repository, consider annotating your entities with one of these annotations: org.springframework.data.redis.core.RedisHash (preferred), or consider extending one of the following types with your repository: org.springframework.data.keyvalue.repository.KeyValueRepository.
2022-08-26 10:34:47.307  INFO 17748 --- [main] .RepositoryConfigurationExtensionSupport : Spring Data Redis - Could not safely identify store assignment for repository candidate interface cn.exrick.xboot.modules.base.dao.PermissionDao. If you want this repository to be a Redis repository, consider annotating your entities with one of these annotations: org.springframework.data.redis.core.RedisHash (preferred), or consider extending one of the following types with your repository: org.springframework.data.keyvalue.repository.KeyValueRepository.
2022-08-26 10:34:47.307  INFO 17748 --- [main] .RepositoryConfigurationExtensionSupport : Spring Data Redis - Could not safely identify store assignment for repository candidate interface cn.exrick.xboot.modules.base.dao.RoleDao. If you want this repository to be a Redis repository, consider annotating your entities with one of these annotations: org.springframework.data.redis.core.RedisHash (preferred), or consider extending one of the following types with your repository: org.springframework.data.keyvalue.repository.KeyValueRepository.
2022-08-26 10:34:47.307  INFO 17748 --- [main] .RepositoryConfigurationExtensionSupport : Spring Data Redis - Could not safely identify store assignment for repository candidate interface cn.exrick.xboot.modules.base.dao.RoleDepartmentDao. If you want this repository to be a Redis repository, consider annotating your entities with one of these annotations: org.springframework.data.redis.core.RedisHash (preferred), or consider extending one of the following types with your repository: org.springframework.data.keyvalue.repository.KeyValueRepository.
2022-08-26 10:34:47.307  INFO 17748 --- [main] .RepositoryConfigurationExtensionSupport : Spring Data Redis - Could not safely identify store assignment for repository candidate interface cn.exrick.xboot.modules.base.dao.RolePermissionDao. If you want this repository to be a Redis repository, consider annotating your entities with one of these annotations: org.springframework.data.redis.core.RedisHash (preferred), or consider extending one of the following types with your repository: org.springframework.data.keyvalue.repository.KeyValueRepository.
2022-08-26 10:34:47.307  INFO 17748 --- [main] .RepositoryConfigurationExtensionSupport : Spring Data Redis - Could not safely identify store assignment for repository candidate interface cn.exrick.xboot.modules.base.dao.SettingDao. If you want this repository to be a Redis repository, consider annotating your entities with one of these annotations: org.springframework.data.redis.core.RedisHash (preferred), or consider extending one of the following types with your repository: org.springframework.data.keyvalue.repository.KeyValueRepository.
2022-08-26 10:34:47.307  INFO 17748 --- [main] .RepositoryConfigurationExtensionSupport : Spring Data Redis - Could not safely identify store assignment for repository candidate interface cn.exrick.xboot.modules.base.dao.StopWordDao. If you want this repository to be a Redis repository, consider annotating your entities with one of these annotations: org.springframework.data.redis.core.RedisHash (preferred), or consider extending one of the following types with your repository: org.springframework.data.keyvalue.repository.KeyValueRepository.
2022-08-26 10:34:47.307  INFO 17748 --- [main] .RepositoryConfigurationExtensionSupport : Spring Data Redis - Could not safely identify store assignment for repository candidate interface cn.exrick.xboot.modules.base.dao.UserDao. If you want this repository to be a Redis repository, consider annotating your entities with one of these annotations: org.springframework.data.redis.core.RedisHash (preferred), or consider extending one of the following types with your repository: org.springframework.data.keyvalue.repository.KeyValueRepository.
2022-08-26 10:34:47.317  INFO 17748 --- [main] .RepositoryConfigurationExtensionSupport : Spring Data Redis - Could not safely identify store assignment for repository candidate interface cn.exrick.xboot.modules.base.dao.UserRoleDao. If you want this repository to be a Redis repository, consider annotating your entities with one of these annotations: org.springframework.data.redis.core.RedisHash (preferred), or consider extending one of the following types with your repository: org.springframework.data.keyvalue.repository.KeyValueRepository.
2022-08-26 10:34:47.317  INFO 17748 --- [main] .RepositoryConfigurationExtensionSupport : Spring Data Redis - Could not safely identify store assignment for repository candidate interface cn.exrick.xboot.modules.base.dao.elasticsearch.EsLogDao. If you want this repository to be a Redis repository, consider annotating your entities with one of these annotations: org.springframework.data.redis.core.RedisHash (preferred), or consider extending one of the following types with your repository: org.springframework.data.keyvalue.repository.KeyValueRepository.
2022-08-26 10:34:47.317  INFO 17748 --- [main] .RepositoryConfigurationExtensionSupport : Spring Data Redis - Could not safely identify store assignment for repository candidate interface cn.exrick.xboot.modules.file.dao.FileCategoryDao. If you want this repository to be a Redis repository, consider annotating your entities with one of these annotations: org.springframework.data.redis.core.RedisHash (preferred), or consider extending one of the following types with your repository: org.springframework.data.keyvalue.repository.KeyValueRepository.
2022-08-26 10:34:47.317  INFO 17748 --- [main] .RepositoryConfigurationExtensionSupport : Spring Data Redis - Could not safely identify store assignment for repository candidate interface cn.exrick.xboot.modules.file.dao.FileDao. If you want this repository to be a Redis repository, consider annotating your entities with one of these annotations: org.springframework.data.redis.core.RedisHash (preferred), or consider extending one of the following types with your repository: org.springframework.data.keyvalue.repository.KeyValueRepository.
2022-08-26 10:34:47.317  INFO 17748 --- [main] .RepositoryConfigurationExtensionSupport : Spring Data Redis - Could not safely identify store assignment for repository candidate interface cn.exrick.xboot.modules.open.dao.ClientDao. If you want this repository to be a Redis repository, consider annotating your entities with one of these annotations: org.springframework.data.redis.core.RedisHash (preferred), or consider extending one of the following types with your repository: org.springframework.data.keyvalue.repository.KeyValueRepository.
2022-08-26 10:34:47.317  INFO 17748 --- [main] .RepositoryConfigurationExtensionSupport : Spring Data Redis - Could not safely identify store assignment for repository candidate interface cn.exrick.xboot.modules.quartz.dao.QuartzJobDao. If you want this repository to be a Redis repository, consider annotating your entities with one of these annotations: org.springframework.data.redis.core.RedisHash (preferred), or consider extending one of the following types with your repository: org.springframework.data.keyvalue.repository.KeyValueRepository.
2022-08-26 10:34:47.317  INFO 17748 --- [main] .RepositoryConfigurationExtensionSupport : Spring Data Redis - Could not safely identify store assignment for repository candidate interface cn.exrick.xboot.modules.social.dao.SocialDao. If you want this repository to be a Redis repository, consider annotating your entities with one of these annotations: org.springframework.data.redis.core.RedisHash (preferred), or consider extending one of the following types with your repository: org.springframework.data.keyvalue.repository.KeyValueRepository.
2022-08-26 10:34:47.317  INFO 17748 --- [main] .RepositoryConfigurationExtensionSupport : Spring Data Redis - Could not safely identify store assignment for repository candidate interface cn.exrick.xboot.modules.your.dao.StudentDao. If you want this repository to be a Redis repository, consider annotating your entities with one of these annotations: org.springframework.data.redis.core.RedisHash (preferred), or consider extending one of the following types with your repository: org.springframework.data.keyvalue.repository.KeyValueRepository.
2022-08-26 10:34:47.317  INFO 17748 --- [main] .s.d.r.c.RepositoryConfigurationDelegate : Finished Spring Data repository scanning in 86 ms. Found 0 Redis repository interfaces.
2022-08-26 10:34:47.567  WARN 17748 --- [main] o.m.s.mapper.ClassPathMapperScanner      : Skipping MapperFactoryBean with name 'studentDao' and 'cn.exrick.xboot.modules.your.dao.StudentDao' mapperInterface. Bean already defined with the same name!
2022-08-26 10:34:47.847  INFO 17748 --- [main] ptablePropertiesBeanFactoryPostProcessor : Post-processing PropertySource instances
2022-08-26 10:34:47.847  INFO 17748 --- [main] c.u.j.EncryptablePropertySourceConverter : Skipping PropertySource configurationProperties [class org.springframework.boot.context.properties.source.ConfigurationPropertySourcesPropertySource
2022-08-26 10:34:47.847  INFO 17748 --- [main] c.u.j.EncryptablePropertySourceConverter : Skipping PropertySource servletConfigInitParams [class org.springframework.core.env.PropertySource$StubPropertySource
2022-08-26 10:34:47.847  INFO 17748 --- [main] c.u.j.EncryptablePropertySourceConverter : Skipping PropertySource servletContextInitParams [class org.springframework.core.env.PropertySource$StubPropertySource
2022-08-26 10:34:47.847  INFO 17748 --- [main] c.u.j.EncryptablePropertySourceConverter : Converting PropertySource systemProperties [org.springframework.core.env.PropertiesPropertySource] to EncryptableMapPropertySourceWrapper
2022-08-26 10:34:47.847  INFO 17748 --- [main] c.u.j.EncryptablePropertySourceConverter : Converting PropertySource systemEnvironment [org.springframework.boot.env.SystemEnvironmentPropertySourceEnvironmentPostProcessor$OriginAwareSystemEnvironmentPropertySource] to EncryptableSystemEnvironmentPropertySourceWrapper
2022-08-26 10:34:47.847  INFO 17748 --- [main] c.u.j.EncryptablePropertySourceConverter : Converting PropertySource random [org.springframework.boot.env.RandomValuePropertySource] to EncryptablePropertySourceWrapper
2022-08-26 10:34:47.847  INFO 17748 --- [main] c.u.j.EncryptablePropertySourceConverter : Converting PropertySource Config resource 'class path resource [application.yml]' via location 'optional:classpath:/' [org.springframework.boot.env.OriginTrackedMapPropertySource] to EncryptableMapPropertySourceWrapper
2022-08-26 10:34:47.847  INFO 17748 --- [main] c.u.j.EncryptablePropertySourceConverter : Converting PropertySource devtools [org.springframework.core.env.MapPropertySource] to EncryptableMapPropertySourceWrapper
2022-08-26 10:34:48.167  INFO 17748 --- [main] c.u.j.filter.DefaultLazyPropertyFilter   : Property Filter custom Bean not found with name 'encryptablePropertyFilter'. Initializing Default Property Filter
2022-08-26 10:34:48.177  INFO 17748 --- [main] c.u.j.r.DefaultLazyPropertyResolver      : Property Resolver custom Bean not found with name 'encryptablePropertyResolver'. Initializing Default Property Resolver
2022-08-26 10:34:48.187  INFO 17748 --- [main] c.u.j.d.DefaultLazyPropertyDetector      : Property Detector custom Bean not found with name 'encryptablePropertyDetector'. Initializing Default Property Detector
2022-08-26 10:34:48.197  INFO 17748 --- [main] trationDelegate$BeanPostProcessorChecker : Bean 'redisCacheConfig' of type [cn.exrick.xboot.config.cache.RedisCacheConfig$$EnhancerBySpringCGLIB$$1] is not eligible for getting processed by all BeanPostProcessors (for example: not eligible for auto-proxying)
2022-08-26 10:34:48.237  INFO 17748 --- [main] trationDelegate$BeanPostProcessorChecker : Bean 'org.springframework.security.access.expression.method.DefaultMethodSecurityExpressionHandler@59263f7b' of type [org.springframework.security.access.expression.method.DefaultMethodSecurityExpressionHandler] is not eligible for getting processed by all BeanPostProcessors (for example: not eligible for auto-proxying)
2022-08-26 10:34:48.247  INFO 17748 --- [main] trationDelegate$BeanPostProcessorChecker : Bean 'methodSecurityMetadataSource' of type [org.springframework.security.access.method.DelegatingMethodSecurityMetadataSource] is not eligible for getting processed by all BeanPostProcessors (for example: not eligible for auto-proxying)
2022-08-26 10:34:48.828  INFO 17748 --- [main] o.s.b.w.embedded.tomcat.TomcatWebServer  : Tomcat initialized with port(s): 8888 (http)
2022-08-26 10:34:48.848  INFO 17748 --- [main] o.apache.catalina.core.StandardService   : Starting service [Tomcat]
2022-08-26 10:34:48.848  INFO 17748 --- [main] org.apache.catalina.core.StandardEngine  : Starting Servlet engine: [Apache Tomcat/9.0.63]
2022-08-26 10:34:49.078  INFO 17748 --- [main] o.a.c.c.C.[Tomcat].[localhost].[/]       : Initializing Spring embedded WebApplicationContext
2022-08-26 10:34:49.078  INFO 17748 --- [main] w.s.c.ServletWebServerApplicationContext : Root WebApplicationContext: initialization completed in 4231 ms
2022-08-26 10:34:49.088  INFO 17748 --- [main] c.u.j.encryptor.DefaultLazyEncryptor     : String Encryptor custom Bean not found with name 'jasyptStringEncryptor'. Initializing Default String Encryptor
2022-08-26 10:34:49.098  INFO 17748 --- [main] c.u.j.c.StringEncryptorBuilder           : Encryptor config not found for property jasypt.encryptor.algorithm, using default value: PBEWITHHMACSHA512ANDAES_256
2022-08-26 10:34:49.098  INFO 17748 --- [main] c.u.j.c.StringEncryptorBuilder           : Encryptor config not found for property jasypt.encryptor.key-obtention-iterations, using default value: 1000
2022-08-26 10:34:49.098  INFO 17748 --- [main] c.u.j.c.StringEncryptorBuilder           : Encryptor config not found for property jasypt.encryptor.pool-size, using default value: 1
2022-08-26 10:34:49.108  INFO 17748 --- [main] c.u.j.c.StringEncryptorBuilder           : Encryptor config not found for property jasypt.encryptor.provider-name, using default value: null
2022-08-26 10:34:49.108  INFO 17748 --- [main] c.u.j.c.StringEncryptorBuilder           : Encryptor config not found for property jasypt.encryptor.provider-class-name, using default value: null
2022-08-26 10:34:49.108  INFO 17748 --- [main] c.u.j.c.StringEncryptorBuilder           : Encryptor config not found for property jasypt.encryptor.salt-generator-classname, using default value: org.jasypt.salt.RandomSaltGenerator
2022-08-26 10:34:49.108  INFO 17748 --- [main] c.u.j.c.StringEncryptorBuilder           : Encryptor config not found for property jasypt.encryptor.iv-generator-classname, using default value: org.jasypt.iv.RandomIvGenerator
2022-08-26 10:34:49.108  INFO 17748 --- [main] c.u.j.c.StringEncryptorBuilder           : Encryptor config not found for property jasypt.encryptor.string-output-type, using default value: base64
2022-08-26 10:34:49.368  INFO 17748 --- [main] c.a.d.s.b.a.DruidDataSourceAutoConfigure : Init DruidDataSource
2022-08-26 10:34:49.628  INFO 17748 --- [main] com.alibaba.druid.pool.DruidDataSource   : {dataSource-1} inited
2022-08-26 10:34:49.978  INFO 17748 --- [main] o.hibernate.jpa.internal.util.LogHelper  : HHH000204: Processing PersistenceUnitInfo [name: default]
2022-08-26 10:34:50.028  INFO 17748 --- [main] org.hibernate.Version                    : HHH000412: Hibernate ORM core version 5.4.33
2022-08-26 10:34:50.028  INFO 17748 --- [main] org.hibernate.cfg.Environment            : HHH000205: Loaded properties from resource hibernate.properties: {hibernate.dialect.storage_engine=innodb, hibernate.bytecode.use_reflection_optimizer=false}
2022-08-26 10:34:50.158  INFO 17748 --- [main] o.hibernate.annotations.common.Version   : HCANN000001: Hibernate Commons Annotations {5.1.2.Final}
2022-08-26 10:34:50.788  INFO 17748 --- [main] org.hibernate.dialect.Dialect            : HHH000400: Using dialect: org.hibernate.dialect.MySQL57Dialect
2022-08-26 10:34:53.148  INFO 17748 --- [main] o.h.e.t.j.p.i.JtaPlatformInitiator       : HHH000490: Using JtaPlatform implementation: [org.hibernate.engine.transaction.jta.platform.internal.NoJtaPlatform]
2022-08-26 10:34:53.168  INFO 17748 --- [main] j.LocalContainerEntityManagerFactoryBean : Initialized JPA EntityManagerFactory for persistence unit 'default'
2022-08-26 10:34:53.548  WARN 17748 --- [main] c.e.x.c.s.p.MyFilterSecurityInterceptor  : Could not validate configuration attributes as the SecurityMetadataSource did not return any attributes from getAllConfigAttributes()
2022-08-26 10:34:53.728  INFO 17748 --- [main] org.redisson.Version                     : Redisson 3.17.2
2022-08-26 10:34:55.138  INFO 17748 --- [redisson-netty-2-8] o.r.c.pool.MasterPubSubConnectionPool    : 1 connections initialized for 127.0.0.1/127.0.0.1:6379
2022-08-26 10:34:55.168  INFO 17748 --- [redisson-netty-2-19] o.r.c.pool.MasterConnectionPool          : 24 connections initialized for 127.0.0.1/127.0.0.1:6379
2022-08-26 10:34:57.295  WARN 17748 --- [main] JpaBaseConfiguration$JpaWebConfiguration : spring.jpa.open-in-view is enabled by default. Therefore, database queries may be performed during view rendering. Explicitly configure spring.jpa.open-in-view to disable this warning
2022-08-26 10:34:58.125  INFO 17748 --- [main] o.a.engine.impl.ProcessEngineImpl        : ProcessEngine default created
2022-08-26 10:34:58.125  INFO 17748 --- [main] o.a.e.i.a.AbstractAsyncJobExecutor       : Starting up the default async job executor [org.activiti.spring.SpringAsyncExecutor].
2022-08-26 10:34:58.125  INFO 17748 --- [Thread-14] o.a.e.i.a.AcquireTimerJobsRunnable       : starting to acquire async jobs due
2022-08-26 10:34:58.125  INFO 17748 --- [Thread-15] o.a.e.i.a.AcquireAsyncJobsDueRunnable    : starting to acquire async jobs due
2022-08-26 10:34:59.585  INFO 17748 --- [main] org.quartz.impl.StdSchedulerFactory      : Using default implementation for ThreadExecutor
2022-08-26 10:34:59.605  INFO 17748 --- [main] org.quartz.core.SchedulerSignalerImpl    : Initialized Scheduler Signaller of type: class org.quartz.core.SchedulerSignalerImpl
2022-08-26 10:34:59.605  INFO 17748 --- [main] org.quartz.core.QuartzScheduler          : Quartz Scheduler v.2.3.2 created.
2022-08-26 10:34:59.605  INFO 17748 --- [main] o.s.s.quartz.LocalDataSourceJobStore     : Using db table-based data access locking (synchronization).
2022-08-26 10:34:59.605  INFO 17748 --- [main] o.s.s.quartz.LocalDataSourceJobStore     : JobStoreCMT initialized.
2022-08-26 10:34:59.605  INFO 17748 --- [main] org.quartz.core.QuartzScheduler          : Scheduler meta-data: Quartz Scheduler (v2.3.2) 'quartzScheduler' with instanceId 'NON_CLUSTERED'
  Scheduler class: 'org.quartz.core.QuartzScheduler' - running locally.
  NOT STARTED.
  Currently in standby mode.
  Number of jobs executed: 0
  Using thread pool 'org.quartz.simpl.SimpleThreadPool' - with 10 threads.
  Using job-store 'org.springframework.scheduling.quartz.LocalDataSourceJobStore' - which supports persistence. and is not clustered.

2022-08-26 10:34:59.605  INFO 17748 --- [main] org.quartz.impl.StdSchedulerFactory      : Quartz scheduler 'quartzScheduler' initialized from an externally provided properties instance.
2022-08-26 10:34:59.605  INFO 17748 --- [main] org.quartz.impl.StdSchedulerFactory      : Quartz scheduler version: 2.3.2
2022-08-26 10:34:59.605  INFO 17748 --- [main] org.quartz.core.QuartzScheduler          : JobFactory set to: org.springframework.scheduling.quartz.SpringBeanJobFactory@4aefbf50
2022-08-26 10:35:00.115  WARN 17748 --- [main] c.b.m.core.metadata.TableInfoHelper      : Can not find table primary key in Class: "cn.exrick.xboot.modules.your.entity.Users".
2022-08-26 10:35:00.115  WARN 17748 --- [main] c.b.m.core.injector.DefaultSqlInjector   : class cn.exrick.xboot.modules.your.entity.Users ,Not found @TableId annotation, Cannot use Mybatis-Plus 'xxById' Method.
2022-08-26 10:35:00.615  INFO 17748 --- [main] o.s.b.a.e.web.EndpointLinksResolver      : Exposing 15 endpoint(s) beneath base path '/xboot/actuator'
2022-08-26 10:35:00.735  INFO 17748 --- [main] pertySourcedRequestMappingHandlerMapping : Mapped URL path [/v2/api-docs] onto method [springfox.documentation.swagger2.web.Swagger2ControllerWebMvc#getDocumentation(String, HttpServletRequest)]
2022-08-26 10:35:01.065  INFO 17748 --- [main] o.s.b.d.a.OptionalLiveReloadServer       : LiveReload server is running on port 35729
2022-08-26 10:35:03.336  INFO 17748 --- [main] o.s.d.elasticsearch.support.VersionInfo  : Version Spring Data Elasticsearch: 4.2.11
2022-08-26 10:35:03.336  INFO 17748 --- [main] o.s.d.elasticsearch.support.VersionInfo  : Version Elasticsearch Client in build: 7.12.1
2022-08-26 10:35:03.336  INFO 17748 --- [main] o.s.d.elasticsearch.support.VersionInfo  : Version Elasticsearch Client used: 7.12.1
2022-08-26 10:35:03.455  WARN 17748 --- [main] .s.s.UserDetailsServiceAutoConfiguration : 

Using generated security password: a911f54f-c1e7-4357-a66b-a6874d1cd30c

This generated password is for development use only. Your security configuration must be updated before running your application in production.

2022-08-26 10:35:03.567  INFO 17748 --- [main] o.s.s.web.DefaultSecurityFilterChain     : Will not secure any request
2022-08-26 10:35:03.919  INFO 17748 --- [main] o.s.b.w.embedded.tomcat.TomcatWebServer  : Tomcat started on port(s): 8888 (http) with context path ''
2022-08-26 10:35:03.929  INFO 17748 --- [main] u.j.c.RefreshScopeRefreshedEventListener : Refreshing cached encryptable property sources on ServletWebServerInitializedEvent
2022-08-26 10:35:03.929  INFO 17748 --- [main] CachingDelegateEncryptablePropertySource : Property Source systemProperties refreshed
2022-08-26 10:35:03.929  INFO 17748 --- [main] CachingDelegateEncryptablePropertySource : Property Source systemEnvironment refreshed
2022-08-26 10:35:03.929  INFO 17748 --- [main] CachingDelegateEncryptablePropertySource : Property Source random refreshed
2022-08-26 10:35:03.929  INFO 17748 --- [main] CachingDelegateEncryptablePropertySource : Property Source Config resource 'class path resource [application.yml]' via location 'optional:classpath:/' refreshed
2022-08-26 10:35:03.929  INFO 17748 --- [main] CachingDelegateEncryptablePropertySource : Property Source devtools refreshed
2022-08-26 10:35:03.929  INFO 17748 --- [main] c.u.j.EncryptablePropertySourceConverter : Converting PropertySource server.ports [org.springframework.core.env.MapPropertySource] to EncryptableMapPropertySourceWrapper
2022-08-26 10:35:03.929  INFO 17748 --- [main] c.u.j.EncryptablePropertySourceConverter : Skipping PropertySource configurationProperties [class org.springframework.boot.context.properties.source.ConfigurationPropertySourcesPropertySource
2022-08-26 10:35:03.929  INFO 17748 --- [main] c.u.j.EncryptablePropertySourceConverter : Skipping PropertySource servletConfigInitParams [class org.springframework.core.env.PropertySource$StubPropertySource
2022-08-26 10:35:03.929  INFO 17748 --- [main] c.u.j.EncryptablePropertySourceConverter : Converting PropertySource servletContextInitParams [org.springframework.web.context.support.ServletContextPropertySource] to EncryptableEnumerablePropertySourceWrapper
2022-08-26 10:35:03.929  INFO 17748 --- [main] c.u.j.EncryptablePropertySourceConverter : Converting PropertySource Management Server [org.springframework.boot.actuate.autoconfigure.web.server.ManagementContextAutoConfiguration$SameManagementContextConfiguration$1] to EncryptablePropertySourceWrapper
2022-08-26 10:35:03.929  INFO 17748 --- [main] d.s.w.p.DocumentationPluginsBootstrapper : Documentation plugins bootstrapped
2022-08-26 10:35:03.929  INFO 17748 --- [main] d.s.w.p.DocumentationPluginsBootstrapper : Found 2 custom documentation plugin(s)
2022-08-26 10:35:04.018  INFO 17748 --- [main] s.d.s.w.s.ApiListingReferenceScanner     : Scanning for api listing references
2022-08-26 10:35:04.166  INFO 17748 --- [main] .d.s.w.r.o.CachingOperationNameGenerator : Generating unique operation named: delByIdsUsingPOST_1
2022-08-26 10:35:04.177  INFO 17748 --- [main] .d.s.w.r.o.CachingOperationNameGenerator : Generating unique operation named: delByIdsUsingPOST_2
2022-08-26 10:35:04.197  INFO 17748 --- [main] .d.s.w.r.o.CachingOperationNameGenerator : Generating unique operation named: delByIdsUsingPOST_3
2022-08-26 10:35:04.197  INFO 17748 --- [main] .d.s.w.r.o.CachingOperationNameGenerator : Generating unique operation named: getByConditionUsingGET_1
2022-08-26 10:35:04.212  INFO 17748 --- [main] .d.s.w.r.o.CachingOperationNameGenerator : Generating unique operation named: getByConditionUsingGET_2
2022-08-26 10:35:04.225  INFO 17748 --- [main] .d.s.w.r.o.CachingOperationNameGenerator : Generating unique operation named: updateStatusUsingPOST_1
2022-08-26 10:35:04.285  WARN 17748 --- [main] s.d.s.w.r.p.ParameterDataTypeReader      : Trying to infer dataType java.lang.String[]
2022-08-26 10:35:04.285  INFO 17748 --- [main] .d.s.w.r.o.CachingOperationNameGenerator : Generating unique operation named: delByIdsUsingPOST_4
2022-08-26 10:35:04.285  INFO 17748 --- [main] .d.s.w.r.o.CachingOperationNameGenerator : Generating unique operation named: getUsingGET_1
2022-08-26 10:35:04.285  INFO 17748 --- [main] .d.s.w.r.o.CachingOperationNameGenerator : Generating unique operation named: getAllUsingGET_1
2022-08-26 10:35:04.295  INFO 17748 --- [main] .d.s.w.r.o.CachingOperationNameGenerator : Generating unique operation named: getByConditionUsingGET_3
2022-08-26 10:35:04.295  INFO 17748 --- [main] .d.s.w.r.o.CachingOperationNameGenerator : Generating unique operation named: getByPageUsingGET_1
2022-08-26 10:35:04.305  WARN 17748 --- [main] s.d.s.w.r.p.ParameterDataTypeReader      : Trying to infer dataType java.lang.String[]
2022-08-26 10:35:04.305  INFO 17748 --- [main] .d.s.w.r.o.CachingOperationNameGenerator : Generating unique operation named: delByIdsUsingPOST_5
2022-08-26 10:35:04.305  INFO 17748 --- [main] .d.s.w.r.o.CachingOperationNameGenerator : Generating unique operation named: getUsingGET_2
2022-08-26 10:35:04.315  INFO 17748 --- [main] .d.s.w.r.o.CachingOperationNameGenerator : Generating unique operation named: saveUsingPOST_1
2022-08-26 10:35:04.315  INFO 17748 --- [main] .d.s.w.r.o.CachingOperationNameGenerator : Generating unique operation named: updateUsingPUT_1
2022-08-26 10:35:04.315  INFO 17748 --- [main] .d.s.w.r.o.CachingOperationNameGenerator : Generating unique operation named: getAllUsingGET_2
2022-08-26 10:35:04.315  INFO 17748 --- [main] .d.s.w.r.o.CachingOperationNameGenerator : Generating unique operation named: getByConditionUsingGET_4
2022-08-26 10:35:04.315  INFO 17748 --- [main] .d.s.w.r.o.CachingOperationNameGenerator : Generating unique operation named: getByPageUsingGET_2
2022-08-26 10:35:04.325  INFO 17748 --- [main] .d.s.w.r.o.CachingOperationNameGenerator : Generating unique operation named: delAllByIdsUsingPOST_1
2022-08-26 10:35:04.325  INFO 17748 --- [main] .d.s.w.r.o.CachingOperationNameGenerator : Generating unique operation named: getUsingGET_3
2022-08-26 10:35:04.325  INFO 17748 --- [main] .d.s.w.r.o.CachingOperationNameGenerator : Generating unique operation named: saveOrUpdateUsingPOST_1
2022-08-26 10:35:04.325  INFO 17748 --- [main] .d.s.w.r.o.CachingOperationNameGenerator : Generating unique operation named: getByPageUsingGET_3
2022-08-26 10:35:04.325  INFO 17748 --- [main] .d.s.w.r.o.CachingOperationNameGenerator : Generating unique operation named: getAllUsingGET_3
2022-08-26 10:35:04.335  INFO 17748 --- [main] .d.s.w.r.o.CachingOperationNameGenerator : Generating unique operation named: addUsingPOST_1
2022-08-26 10:35:04.335  INFO 17748 --- [main] .d.s.w.r.o.CachingOperationNameGenerator : Generating unique operation named: delByIdsUsingPOST_6
2022-08-26 10:35:04.335  INFO 17748 --- [main] .d.s.w.r.o.CachingOperationNameGenerator : Generating unique operation named: editUsingPOST_1
2022-08-26 10:35:04.345  INFO 17748 --- [main] .d.s.w.r.o.CachingOperationNameGenerator : Generating unique operation named: getByParentIdUsingGET_1
2022-08-26 10:35:04.345  INFO 17748 --- [main] .d.s.w.r.o.CachingOperationNameGenerator : Generating unique operation named: searchByTitleUsingGET_1
2022-08-26 10:35:04.345  INFO 17748 --- [main] .d.s.w.r.o.CachingOperationNameGenerator : Generating unique operation named: addUsingPOST_2
2022-08-26 10:35:04.345  INFO 17748 --- [main] .d.s.w.r.o.CachingOperationNameGenerator : Generating unique operation named: delAllByIdsUsingPOST_2
2022-08-26 10:35:04.345  INFO 17748 --- [main] .d.s.w.r.o.CachingOperationNameGenerator : Generating unique operation named: editUsingPOST_2
2022-08-26 10:35:04.345  INFO 17748 --- [main] .d.s.w.r.o.CachingOperationNameGenerator : Generating unique operation named: getAllUsingGET_4
2022-08-26 10:35:04.355  INFO 17748 --- [main] .d.s.w.r.o.CachingOperationNameGenerator : Generating unique operation named: addUsingPOST_3
2022-08-26 10:35:04.355  INFO 17748 --- [main] .d.s.w.r.o.CachingOperationNameGenerator : Generating unique operation named: delByIdsUsingPOST_7
2022-08-26 10:35:04.355  INFO 17748 --- [main] .d.s.w.r.o.CachingOperationNameGenerator : Generating unique operation named: editUsingPOST_3
2022-08-26 10:35:04.355  INFO 17748 --- [main] .d.s.w.r.o.CachingOperationNameGenerator : Generating unique operation named: getByConditionUsingGET_5
2022-08-26 10:35:04.365  INFO 17748 --- [main] .d.s.w.r.o.CachingOperationNameGenerator : Generating unique operation named: addUsingPOST_4
2022-08-26 10:35:04.365  INFO 17748 --- [main] .d.s.w.r.o.CachingOperationNameGenerator : Generating unique operation named: delByIdsUsingPOST_8
2022-08-26 10:35:04.365  INFO 17748 --- [main] .d.s.w.r.o.CachingOperationNameGenerator : Generating unique operation named: editUsingPOST_4
2022-08-26 10:35:04.375  INFO 17748 --- [main] .d.s.w.r.o.CachingOperationNameGenerator : Generating unique operation named: getByConditionUsingGET_6
2022-08-26 10:35:04.375  INFO 17748 --- [main] .d.s.w.r.o.CachingOperationNameGenerator : Generating unique operation named: searchByTitleUsingGET_2
2022-08-26 10:35:04.385  INFO 17748 --- [main] .d.s.w.r.o.CachingOperationNameGenerator : Generating unique operation named: getFileListUsingGET_1
2022-08-26 10:35:04.385  INFO 17748 --- [main] .d.s.w.r.o.CachingOperationNameGenerator : Generating unique operation named: clearTrashUsingGET_1
2022-08-26 10:35:04.385  INFO 17748 --- [main] .d.s.w.r.o.CachingOperationNameGenerator : Generating unique operation named: collectUsingPOST_1
2022-08-26 10:35:04.385  INFO 17748 --- [main] .d.s.w.r.o.CachingOperationNameGenerator : Generating unique operation named: copyUsingPOST_1
2022-08-26 10:35:04.385  INFO 17748 --- [main] .d.s.w.r.o.CachingOperationNameGenerator : Generating unique operation named: deleteUsingPOST_1
2022-08-26 10:35:04.385  INFO 17748 --- [main] .d.s.w.r.o.CachingOperationNameGenerator : Generating unique operation named: renameUserFileUsingPOST_1
2022-08-26 10:35:04.385  INFO 17748 --- [main] .d.s.w.r.o.CachingOperationNameGenerator : Generating unique operation named: trashUsingPOST_1
2022-08-26 10:35:04.395  INFO 17748 --- [main] .d.s.w.r.o.CachingOperationNameGenerator : Generating unique operation named: getFileListUsingGET_2
2022-08-26 10:35:04.395  INFO 17748 --- [main] .d.s.w.r.o.CachingOperationNameGenerator : Generating unique operation named: loginUsingGET_1
2022-08-26 10:35:04.395  INFO 17748 --- [main] .d.s.w.r.o.CachingOperationNameGenerator : Generating unique operation named: callbackUsingGET_1
2022-08-26 10:35:04.395  INFO 17748 --- [main] .d.s.w.r.o.CachingOperationNameGenerator : Generating unique operation named: addUsingPOST_5
2022-08-26 10:35:04.395  WARN 17748 --- [main] s.d.s.w.r.p.ParameterDataTypeReader      : Trying to infer dataType java.lang.String[]
2022-08-26 10:35:04.395  INFO 17748 --- [main] .d.s.w.r.o.CachingOperationNameGenerator : Generating unique operation named: delByIdsUsingPOST_9
2022-08-26 10:35:04.405  INFO 17748 --- [main] .d.s.w.r.o.CachingOperationNameGenerator : Generating unique operation named: getUsingGET_4
2022-08-26 10:35:04.405  INFO 17748 --- [main] .d.s.w.r.o.CachingOperationNameGenerator : Generating unique operation named: saveUsingPOST_2
2022-08-26 10:35:04.405  INFO 17748 --- [main] .d.s.w.r.o.CachingOperationNameGenerator : Generating unique operation named: updateUsingPUT_2
2022-08-26 10:35:04.405  INFO 17748 --- [main] .d.s.w.r.o.CachingOperationNameGenerator : Generating unique operation named: getAllUsingGET_5
2022-08-26 10:35:04.405  INFO 17748 --- [main] .d.s.w.r.o.CachingOperationNameGenerator : Generating unique operation named: getByPageUsingGET_4
2022-08-26 10:35:04.415  INFO 17748 --- [main] .d.s.w.r.o.CachingOperationNameGenerator : Generating unique operation named: delByIdsUsingPOST_10
2022-08-26 10:35:04.415  INFO 17748 --- [main] .d.s.w.r.o.CachingOperationNameGenerator : Generating unique operation named: getUsingGET_5
2022-08-26 10:35:04.425  INFO 17748 --- [main] .d.s.w.r.o.CachingOperationNameGenerator : Generating unique operation named: getByConditionUsingGET_7
2022-08-26 10:35:04.425  INFO 17748 --- [main] .d.s.w.r.o.CachingOperationNameGenerator : Generating unique operation named: editUsingPOST_5
2022-08-26 10:35:04.425  WARN 17748 --- [main] s.d.s.w.r.p.ParameterDataTypeReader      : Trying to infer dataType java.lang.String[]
2022-08-26 10:35:04.425  INFO 17748 --- [main] .d.s.w.r.o.CachingOperationNameGenerator : Generating unique operation named: delByIdsUsingPOST_11
2022-08-26 10:35:04.435  INFO 17748 --- [main] .d.s.w.r.o.CachingOperationNameGenerator : Generating unique operation named: getUsingGET_6
2022-08-26 10:35:04.435  INFO 17748 --- [main] .d.s.w.r.o.CachingOperationNameGenerator : Generating unique operation named: saveUsingPOST_3
2022-08-26 10:35:04.435  INFO 17748 --- [main] .d.s.w.r.o.CachingOperationNameGenerator : Generating unique operation named: updateUsingPUT_3
2022-08-26 10:35:04.435  INFO 17748 --- [main] .d.s.w.r.o.CachingOperationNameGenerator : Generating unique operation named: getAllUsingGET_6
2022-08-26 10:35:04.435  INFO 17748 --- [main] .d.s.w.r.o.CachingOperationNameGenerator : Generating unique operation named: getByConditionUsingGET_8
2022-08-26 10:35:04.435  INFO 17748 --- [main] .d.s.w.r.o.CachingOperationNameGenerator : Generating unique operation named: getByPageUsingGET_5
2022-08-26 10:35:04.445  INFO 17748 --- [main] .d.s.w.r.o.CachingOperationNameGenerator : Generating unique operation named: delByIdsUsingPOST_12
2022-08-26 10:35:04.455  INFO 17748 --- [main] .d.s.w.r.o.CachingOperationNameGenerator : Generating unique operation named: addUsingPOST_6
2022-08-26 10:35:04.455  INFO 17748 --- [main] .d.s.w.r.o.CachingOperationNameGenerator : Generating unique operation named: editUsingPOST_6
2022-08-26 10:35:04.455  INFO 17748 --- [main] .d.s.w.r.o.CachingOperationNameGenerator : Generating unique operation named: getByParentIdUsingGET_2
2022-08-26 10:35:04.455  INFO 17748 --- [main] .d.s.w.r.o.CachingOperationNameGenerator : Generating unique operation named: searchPermissionListUsingGET_1
2022-08-26 10:35:04.467  INFO 17748 --- [main] .d.s.w.r.o.CachingOperationNameGenerator : Generating unique operation named: delAllByIdsUsingPOST_3
2022-08-26 10:35:04.468  INFO 17748 --- [main] .d.s.w.r.o.CachingOperationNameGenerator : Generating unique operation named: saveOrUpdateUsingPOST_2
2022-08-26 10:35:04.468  INFO 17748 --- [main] .d.s.w.r.o.CachingOperationNameGenerator : Generating unique operation named: getByPageUsingGET_6
2022-08-26 10:35:04.468  INFO 17748 --- [main] .d.s.w.r.o.CachingOperationNameGenerator : Generating unique operation named: getUsingGET_7
2022-08-26 10:35:04.468  INFO 17748 --- [main] .d.s.w.r.o.CachingOperationNameGenerator : Generating unique operation named: getAllUsingGET_7
2022-08-26 10:35:04.478  INFO 17748 --- [main] .d.s.w.r.o.CachingOperationNameGenerator : Generating unique operation named: loginUsingGET_2
2022-08-26 10:35:04.488  INFO 17748 --- [main] .d.s.w.r.o.CachingOperationNameGenerator : Generating unique operation named: getAllByPageUsingGET_1
2022-08-26 10:35:04.488  INFO 17748 --- [main] .d.s.w.r.o.CachingOperationNameGenerator : Generating unique operation named: delAllUsingPOST_1
2022-08-26 10:35:04.498  INFO 17748 --- [main] .d.s.w.r.o.CachingOperationNameGenerator : Generating unique operation named: infoUsingGET_1
2022-08-26 10:35:04.498  INFO 17748 --- [main] .d.s.w.r.o.CachingOperationNameGenerator : Generating unique operation named: saveUsingPOST_4
2022-08-26 10:35:04.498  INFO 17748 --- [main] .d.s.w.r.o.CachingOperationNameGenerator : Generating unique operation named: getAllByPageUsingGET_2
2022-08-26 10:35:04.508  INFO 17748 --- [main] .d.s.w.r.o.CachingOperationNameGenerator : Generating unique operation named: delByIdsUsingPOST_13
2022-08-26 10:35:04.518  INFO 17748 --- [main] .d.s.w.r.o.CachingOperationNameGenerator : Generating unique operation named: editUsingPOST_7
2022-08-26 10:35:04.518  INFO 17748 --- [main] .d.s.w.r.o.CachingOperationNameGenerator : Generating unique operation named: saveUsingPOST_5
2022-08-26 10:35:04.548  INFO 17748 --- [main] .d.s.w.r.o.CachingOperationNameGenerator : Generating unique operation named: delByIdsUsingPOST_14
2022-08-26 10:35:04.558  INFO 17748 --- [main] .d.s.w.r.o.CachingOperationNameGenerator : Generating unique operation named: delByIdsUsingPOST_15
2022-08-26 10:35:04.558  INFO 17748 --- [main] .d.s.w.r.o.CachingOperationNameGenerator : Generating unique operation named: saveUsingPOST_6
2022-08-26 10:35:04.558  INFO 17748 --- [main] .d.s.w.r.o.CachingOperationNameGenerator : Generating unique operation named: getByConditionUsingGET_9
2022-08-26 10:35:04.558  WARN 17748 --- [main] s.d.s.w.r.p.ParameterDataTypeReader      : Trying to infer dataType java.lang.String[]
2022-08-26 10:35:04.558  INFO 17748 --- [main] .d.s.w.r.o.CachingOperationNameGenerator : Generating unique operation named: delByIdsUsingPOST_16
2022-08-26 10:35:04.566  INFO 17748 --- [main] .d.s.w.r.o.CachingOperationNameGenerator : Generating unique operation named: getUsingGET_8
2022-08-26 10:35:04.566  INFO 17748 --- [main] .d.s.w.r.o.CachingOperationNameGenerator : Generating unique operation named: saveUsingPOST_7
2022-08-26 10:35:04.566  INFO 17748 --- [main] .d.s.w.r.o.CachingOperationNameGenerator : Generating unique operation named: updateUsingPUT_4
2022-08-26 10:35:04.566  INFO 17748 --- [main] .d.s.w.r.o.CachingOperationNameGenerator : Generating unique operation named: getAllUsingGET_8
2022-08-26 10:35:04.566  INFO 17748 --- [main] .d.s.w.r.o.CachingOperationNameGenerator : Generating unique operation named: getByConditionUsingGET_10
2022-08-26 10:35:04.566  INFO 17748 --- [main] .d.s.w.r.o.CachingOperationNameGenerator : Generating unique operation named: getByPageUsingGET_7
2022-08-26 10:35:04.566  INFO 17748 --- [main] .d.s.w.r.o.CachingOperationNameGenerator : Generating unique operation named: loginUsingGET_3
2022-08-26 10:35:04.576  INFO 17748 --- [main] .d.s.w.r.o.CachingOperationNameGenerator : Generating unique operation named: delAllByIdsUsingPOST_4
2022-08-26 10:35:04.576  INFO 17748 --- [main] .d.s.w.r.o.CachingOperationNameGenerator : Generating unique operation named: getUsingGET_9
2022-08-26 10:35:04.576  INFO 17748 --- [main] .d.s.w.r.o.CachingOperationNameGenerator : Generating unique operation named: saveOrUpdateUsingPOST_3
2022-08-26 10:35:04.576  INFO 17748 --- [main] .d.s.w.r.o.CachingOperationNameGenerator : Generating unique operation named: getByPageUsingGET_8
2022-08-26 10:35:04.576  INFO 17748 --- [main] .d.s.w.r.o.CachingOperationNameGenerator : Generating unique operation named: getAllUsingGET_9
2022-08-26 10:35:04.586  INFO 17748 --- [main] .d.s.w.r.o.CachingOperationNameGenerator : Generating unique operation named: delAllByIdsUsingPOST_5
2022-08-26 10:35:04.586  INFO 17748 --- [main] .d.s.w.r.o.CachingOperationNameGenerator : Generating unique operation named: getUsingGET_10
2022-08-26 10:35:04.586  INFO 17748 --- [main] .d.s.w.r.o.CachingOperationNameGenerator : Generating unique operation named: saveOrUpdateUsingPOST_4
2022-08-26 10:35:04.586  INFO 17748 --- [main] .d.s.w.r.o.CachingOperationNameGenerator : Generating unique operation named: getByPageUsingGET_9
2022-08-26 10:35:04.596  INFO 17748 --- [main] .d.s.w.r.o.CachingOperationNameGenerator : Generating unique operation named: getAllUsingGET_10
2022-08-26 10:35:04.596  INFO 17748 --- [main] .d.s.w.r.o.CachingOperationNameGenerator : Generating unique operation named: loginUsingPOST_1
2022-08-26 10:35:04.596  INFO 17748 --- [main] .d.s.w.r.o.CachingOperationNameGenerator : Generating unique operation named: loginUsingGET_4
2022-08-26 10:35:04.606  INFO 17748 --- [main] .d.s.w.r.o.CachingOperationNameGenerator : Generating unique operation named: addUsingPOST_7
2022-08-26 10:35:04.606  INFO 17748 --- [main] .d.s.w.r.o.CachingOperationNameGenerator : Generating unique operation named: delAllByIdsUsingPOST_6
2022-08-26 10:35:04.606  INFO 17748 --- [main] .d.s.w.r.o.CachingOperationNameGenerator : Generating unique operation named: editUsingPOST_8
2022-08-26 10:35:04.616  INFO 17748 --- [main] .d.s.w.r.o.CachingOperationNameGenerator : Generating unique operation named: getAllUsingGET_11
2022-08-26 10:35:04.616  INFO 17748 --- [main] .d.s.w.r.o.CachingOperationNameGenerator : Generating unique operation named: getByConditionUsingGET_11
2022-08-26 10:35:04.626  INFO 17748 --- [main] .d.s.w.r.o.CachingOperationNameGenerator : Generating unique operation named: getByConditionUsingGET_12
2022-08-26 10:35:04.626  INFO 17748 --- [main] .d.s.w.r.o.CachingOperationNameGenerator : Generating unique operation named: delAllByIdsUsingPOST_7
2022-08-26 10:35:04.626  INFO 17748 --- [main] .d.s.w.r.o.CachingOperationNameGenerator : Generating unique operation named: getUsingGET_11
2022-08-26 10:35:04.636  INFO 17748 --- [main] .d.s.w.r.o.CachingOperationNameGenerator : Generating unique operation named: saveOrUpdateUsingPOST_5
2022-08-26 10:35:04.636  INFO 17748 --- [main] .d.s.w.r.o.CachingOperationNameGenerator : Generating unique operation named: getByPageUsingGET_10
2022-08-26 10:35:04.636  INFO 17748 --- [main] .d.s.w.r.o.CachingOperationNameGenerator : Generating unique operation named: getAllUsingGET_12
2022-08-26 10:35:04.636  INFO 17748 --- [main] .d.s.w.r.o.CachingOperationNameGenerator : Generating unique operation named: loginUsingGET_5
2022-08-26 10:35:04.636  INFO 17748 --- [main] .d.s.w.r.o.CachingOperationNameGenerator : Generating unique operation named: delAllByIdsUsingPOST_8
2022-08-26 10:35:04.636  INFO 17748 --- [main] .d.s.w.r.o.CachingOperationNameGenerator : Generating unique operation named: getUsingGET_12
2022-08-26 10:35:04.646  INFO 17748 --- [main] .d.s.w.r.o.CachingOperationNameGenerator : Generating unique operation named: saveOrUpdateUsingPOST_6
2022-08-26 10:35:04.646  INFO 17748 --- [main] .d.s.w.r.o.CachingOperationNameGenerator : Generating unique operation named: getByPageUsingGET_11
2022-08-26 10:35:04.646  INFO 17748 --- [main] .d.s.w.r.o.CachingOperationNameGenerator : Generating unique operation named: getAllUsingGET_13
2022-08-26 10:35:04.646  INFO 17748 --- [main] .d.s.w.r.o.CachingOperationNameGenerator : Generating unique operation named: loginUsingGET_6
2022-08-26 10:35:04.646  INFO 17748 --- [main] .d.s.w.r.o.CachingOperationNameGenerator : Generating unique operation named: callbackUsingGET_2
2022-08-26 10:35:04.646  INFO 17748 --- [main] .d.s.w.r.o.CachingOperationNameGenerator : Generating unique operation named: loginUsingGET_7
2022-08-26 10:35:04.646  INFO 17748 --- [main] .d.s.w.r.o.CachingOperationNameGenerator : Generating unique operation named: callbackUsingGET_3
2022-08-26 10:35:04.656  INFO 17748 --- [main] .d.s.w.r.o.CachingOperationNameGenerator : Generating unique operation named: loginUsingGET_8
2022-08-26 10:35:04.656  INFO 17748 --- [main] .d.s.w.r.o.CachingOperationNameGenerator : Generating unique operation named: callbackUsingGET_4
2022-08-26 10:35:04.708  INFO 17748 --- [main] s.d.s.w.s.ApiListingReferenceScanner     : Scanning for api listing references
2022-08-26 10:35:04.713  INFO 17748 --- [main] .d.s.w.r.o.CachingOperationNameGenerator : Generating unique operation named: addUsingPOST_8
2022-08-26 10:35:04.714  INFO 17748 --- [main] .d.s.w.r.o.CachingOperationNameGenerator : Generating unique operation named: delAllByIdsUsingPOST_9
2022-08-26 10:35:04.715  INFO 17748 --- [main] .d.s.w.r.o.CachingOperationNameGenerator : Generating unique operation named: disableUsingPOST_1
2022-08-26 10:35:04.715  INFO 17748 --- [main] .d.s.w.r.o.CachingOperationNameGenerator : Generating unique operation named: editUsingPOST_9
2022-08-26 10:35:04.715  INFO 17748 --- [main] .d.s.w.r.o.CachingOperationNameGenerator : Generating unique operation named: getByConditionUsingGET_13
2022-08-26 10:35:04.715  INFO 17748 --- [main] .d.s.w.r.o.CachingOperationNameGenerator : Generating unique operation named: getUserInfoUsingGET_1
2022-08-26 10:35:04.715  INFO 17748 --- [main] o.s.m.s.b.SimpleBrokerMessageHandler     : Starting...
2022-08-26 10:35:04.715  INFO 17748 --- [main] o.s.m.s.b.SimpleBrokerMessageHandler     : BrokerAvailabilityEvent[available=true, SimpleBrokerMessageHandler [org.springframework.messaging.simp.broker.DefaultSubscriptionRegistry@4083443e]]
2022-08-26 10:35:04.715  INFO 17748 --- [main] o.s.m.s.b.SimpleBrokerMessageHandler     : Started.
2022-08-26 10:35:04.715  INFO 17748 --- [main] o.s.s.quartz.SchedulerFactoryBean        : Starting Quartz Scheduler now
2022-08-26 10:35:04.775  INFO 17748 --- [main] o.s.s.quartz.LocalDataSourceJobStore     : Freed 0 triggers from 'acquired' / 'blocked' state.
2022-08-26 10:35:04.815  INFO 17748 --- [main] o.s.s.quartz.LocalDataSourceJobStore     : Recovering 0 jobs that were in-progress at the time of the last shut-down.
2022-08-26 10:35:04.815  INFO 17748 --- [main] o.s.s.quartz.LocalDataSourceJobStore     : Recovery complete.
2022-08-26 10:35:04.825  INFO 17748 --- [main] o.s.s.quartz.LocalDataSourceJobStore     : Removed 0 'complete' triggers.
2022-08-26 10:35:04.835  INFO 17748 --- [main] o.s.s.quartz.LocalDataSourceJobStore     : Removed 0 stale fired job entries.
2022-08-26 10:35:04.875  INFO 17748 --- [main] org.quartz.core.QuartzScheduler          : Scheduler quartzScheduler_$_NON_CLUSTERED started.
2022-08-26 10:35:04.895  INFO 17748 --- [main] cn.exrick.xboot.XbootApplication         : Started XbootApplication in 21.101 seconds (JVM running for 23.812)
2022-08-26 10:35:05.095  INFO 17748 --- [http-nio-8888-exec-1] o.a.c.c.C.[Tomcat].[localhost].[/]       : Initializing Spring DispatcherServlet 'dispatcherServlet'
2022-08-26 10:35:05.095  INFO 17748 --- [http-nio-8888-exec-1] o.s.web.servlet.DispatcherServlet        : Initializing Servlet 'dispatcherServlet'
2022-08-26 10:35:05.095  INFO 17748 --- [http-nio-8888-exec-1] o.s.web.servlet.DispatcherServlet        : Completed initialization in 0 ms
2022-08-26 10:35:05.705  INFO 17748 --- [registrationTask1] d.c.b.a.c.r.ApplicationRegistrator       : Application registered itself as 9c8f73e1b20a
2022-08-26 10:36:00.845  INFO 17748 --- [MessageBroker-1] o.s.w.s.c.WebSocketMessageBrokerStats    : WebSocketSession[0 current WS(0)-HttpStream(0)-HttpPoll(0), 0 total, 0 closed abnormally (0 connect failure, 0 send limit, 0 transport error)], stompSubProtocol[processed CONNECT(0)-CONNECTED(0)-DISCONNECT(0)], stompBrokerRelay[null], inboundChannel[pool size = 0, active threads = 0, queued tasks = 0, completed tasks = 0], outboundChannel[pool size = 0, active threads = 0, queued tasks = 0, completed tasks = 0], sockJsScheduler[pool size = 2, active threads = 1, queued tasks = 1, completed tasks = 0]
